make all --print-data-base --no-builtin-variables --no-builtin-rules --question
# GNU Make 4.2.1
# Built for x86_64-pc-linux-gnu
# Copyright (C) 1988-2016 Free Software Foundation, Inc.
# License GPLv3+: GNU GPL version 3 or later <http://gnu.org/licenses/gpl.html>
# This is free software: you are free to change and redistribute it.
# There is NO WARRANTY, to the extent permitted by law.

# Make data base, printed on Sat Jul 16 13:36:28 2022

# Variables

# 'override' directive
GNUMAKEFLAGS := 
# automatic
<D = $(patsubst %/,%,$(dir $<))
# automatic
?F = $(notdir $?)
# environment
DESKTOP_SESSION = ubuntu
# default
.SHELLFLAGS := -c
# environment
XDG_SESSION_CLASS = user
# environment
GDK_PIXBUF_MODULE_FILE = /home/mario/snap/code/common/.cache/gdk-pixbuf-loaders.cache
# environment
SNAP_COMMON = /var/snap/code/common
# environment
XDG_SESSION_TYPE = x11
# automatic
?D = $(patsubst %/,%,$(dir $?))
# environment
IM_CONFIG_PHASE = 1
# environment
PLATFORMIO_IDE = 2.5.0
# automatic
@D = $(patsubst %/,%,$(dir $@))
# environment
XAUTHORITY = /run/user/1000/gdm/Xauthority
# environment
GDMSESSION = ubuntu
# environment
XMODIFIERS = @im=ibus
# makefile
CURDIR := /home/mario/project/v-boy
# makefile
SHELL = /bin/sh
# environment
SNAP_DATA = /var/snap/code/101
# environment
VSCODE_NLS_CONFIG = {"locale":"en-us","availableLanguages":{},"_languagePackSupport":true}
# environment
JOURNAL_STREAM = 8:65140
# environment
XDG_CONFIG_DIRS = /etc/xdg/xdg-ubuntu:/etc/xdg
# environment
SNAP_INSTANCE_NAME = code
# environment
SNAP_ARCH = amd64
# makefile (from 'Makefile', line 1)
MAKEFILE_LIST :=  Makefile
# automatic
@F = $(notdir $@)
# environment
GIO_LAUNCHED_DESKTOP_FILE = /var/lib/snapd/desktop/applications/code_code.desktop
# environment
GO111MODULE = on
# environment
QT_IM_MODULE = ibus
# environment
BALLERINA_HOME = /usr/lib/bal
# environment
USERNAME = mario
# environment
MAKELEVEL := 0
# environment
XDG_DATA_DIRS = /usr/share/ubuntu:/usr/local/share/:/usr/share/:/var/lib/snapd/desktop
# environment
DBUS_SESSION_BUS_ADDRESS = unix:path=/run/user/1000/bus
# environment
_ = /snap/code/101/usr/share/code/code
# environment
MANAGERPID = 2755
# environment
LESSOPEN = | /usr/bin/lesspipe %s
# environment
LC_NAME = id_ID.UTF-8
# environment
VSCODE_CWD = /home/mario
# environment
GPG_AGENT_INFO = /run/user/1000/gnupg/S.gpg-agent:0:1
# environment
GSETTINGS_SCHEMA_DIR = /snap/code/101/usr/share/glib-2.0/schemas
# default
MAKE_HOST := x86_64-pc-linux-gnu
# environment
NO_PROXY = 127.0.0.1
# environment
CGO_ENABLED = 1
# environment
SESSION_MANAGER = local/mario-ubuntu:@/tmp/.ICE-unix/3017,unix/mario-ubuntu:/tmp/.ICE-unix/3017
# environment
XDG_RUNTIME_DIR = /run/user/1000
# environment
PICO_EXAMPLES_PATH = /home/mario/pico/pico/pico-examples
# environment
SNAP = /snap/code/101
# environment
LIBASOUND_THREAD_SAFE = 0
# environment
KUBE_EDITOR = gedit
# environment
GOPATH = /home/mario/go
# environment
NVM_BIN = /home/mario/.nvm/versions/node/v14.15.0/bin
# environment
SNAP_VERSION = b06ae3b2
# environment
XDG_MENU_PREFIX = gnome-
# environment
DISABLE_WAYLAND = 1
# environment
ELECTRON_RUN_AS_NODE = 1
# environment
INVOCATION_ID = c3e0e0a792be4367ba170d2568debd86
# environment
GDK_PIXBUF_MODULEDIR = /snap/code/101/usr/lib/x86_64-linux-gnu/gdk-pixbuf-2.0/2.10.0/loaders
# default
.FEATURES := target-specific order-only second-expansion else-if shortest-stem undefine oneshell archives jobserver output-sync check-symlink load
# environment
LS_COLORS = 
# environment
XDG_SESSION_DESKTOP = ubuntu
# environment
SSH_AUTH_SOCK = /run/user/1000/keyring/ssh
# environment
GIO_LAUNCHED_DESKTOP_FILE_PID = 5169
# automatic
%F = $(notdir $%)
# environment
GOBIN = /home/mario/go/bin
# environment
DISPLAY = :0
# environment
SNAP_INSTANCE_KEY = 
# environment
PWD = /home/mario/project/v-boy
# default
.LOADED := 
# environment
SSH_AGENT_PID = 2950
# environment
ORIGINAL_XDG_CURRENT_DESKTOP = ubuntu:GNOME
# environment
GTK_MODULES = gail:atk-bridge
# environment
CR_PAT = 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
# environment
VSCODE_AMD_ENTRYPOINT = vs/workbench/api/node/extensionHostProcess
# environment
HOME = /home/mario
# environment
LESSCLOSE = /usr/bin/lesspipe %s %s
# environment
VSCODE_CLI = 1
# environment
PICO_EXTRAS_PATH = /home/mario/pico/pico/pico-extras
# environment
VSCODE_CODE_CACHE_PATH = /home/mario/.config/Code/CachedData/b06ae3b2d2dbfe28bca3134cc6be65935cdfea6a
# environment
LOGNAME = mario
# environment
APPLICATION_INSIGHTS_NO_DIAGNOSTIC_CHANNEL = 1
# environment
SNAP_LIBRARY_PATH = /var/lib/snapd/lib/gl:/var/lib/snapd/lib/gl32:/var/lib/snapd/void
# environment
SNAP_CONTEXT = Z83ymkY49pknAlPx72WF7bMnScsXYE1LrKhoebuwUssjHQ8edyeH
# environment
NVM_CD_FLAGS = 
# automatic
+F = $(notdir $+)
# environment
ELECTRON_NO_ATTACH_CONSOLE = 1
# environment
SNAP_USER_COMMON = /home/mario/snap/code/common
# environment
VSCODE_HANDLES_UNCAUGHT_ERRORS = true
# environment
GNOME_DESKTOP_SESSION_ID = this-is-deprecated
# automatic
^D = $(patsubst %/,%,$(dir $^))
# environment
LC_TIME = id_ID.UTF-8
# environment
SNAP_REAL_HOME = /home/mario
# environment
PLATFORMIO_PATH = /home/mario/.platformio/python3/bin:/home/mario/go/bin:/home/mario/.local/bin:/home/mario/vlang/v:/home/mario/.kn/bin:/home/mario/.gloo/bin:/home/mario/.nvm/versions/node/v14.15.0/bin:/home/mario/.cargo/bin:/home/mario/go/bin:/home/mario/.cargo/bin:/home/mario/go/bin:/home/mario/.local/bin:/usr/local/sbin:/usr/local/bin:/usr/sbin:/usr/bin:/sbin:/bin:/usr/games:/usr/local/games:/snap/bin:/home/mario/.istioctl/bin:/home/mario/pico/shell:/home/mario/zeebe:/home/mario/zeebe/camunda-modeler
# default
MAKE = $(MAKE_COMMAND)
# environment
RUST_SRC_PATH = /home/mario/.rustup/toolchains/stable-x86_64-unknown-linux-gnu/lib/rustlib/src/rust/src
# environment
PATH = /home/mario/go/bin:/home/mario/.local/bin:/home/mario/vlang/v:/home/mario/.kn/bin:/home/mario/.gloo/bin:/home/mario/.nvm/versions/node/v14.15.0/bin:/home/mario/.cargo/bin:/home/mario/go/bin:/home/mario/.cargo/bin:/home/mario/go/bin:/home/mario/.local/bin:/usr/local/sbin:/usr/local/bin:/usr/sbin:/usr/bin:/sbin:/bin:/usr/games:/usr/local/games:/snap/bin:/home/mario/.istioctl/bin:/home/mario/pico/shell:/home/mario/zeebe:/home/mario/zeebe/camunda-modeler
# environment
SNAP_USER_DATA = /home/mario/snap/code/101
# environment
SHLVL = 0
# environment
GNOME_SHELL_SESSION_MODE = ubuntu
# default
MAKE_VERSION := 4.2.1
# environment
USER = mario
# environment
SNAP_REVISION = 101
# environment
LC_MONETARY = id_ID.UTF-8
# makefile
.DEFAULT_GOAL := run
# environment
XDG_CURRENT_DESKTOP = Unity
# default
MAKECMDGOALS := all
# environment
LIBVIRT_DEFAULT_URI = qemu:///system
# automatic
%D = $(patsubst %/,%,$(dir $%))
# environment
LC_TELEPHONE = id_ID.UTF-8
# environment
GOLANG_PROTOBUF_REGISTRATION_CONFLICT = ignore
# default
MAKE_COMMAND := make
# default
.VARIABLES := 
# automatic
*F = $(notdir $*)
# environment
VSCODE_IPC_HOOK = /run/user/1000/vscode-c32a2d28-1.69.1-main.sock
# environment
BAMF_DESKTOP_FILE_HINT = /var/lib/snapd/desktop/applications/code_code.desktop
# makefile
MAKEFLAGS = pqrR
# environment
MFLAGS = -pqrR
# automatic
*D = $(patsubst %/,%,$(dir $*))
# environment
NVM_DIR = /home/mario/.nvm
# environment
PICO_PLAYGROUND_PATH = /home/mario/pico/pico/pico-playground
# automatic
+D = $(patsubst %/,%,$(dir $+))
# environment
GDK_BACKEND = x11
# environment
LC_PAPER = id_ID.UTF-8
# default
SUFFIXES := 
# environment
LC_IDENTIFICATION = id_ID.UTF-8
# environment
QT_ACCESSIBILITY = 1
# default
MAKEFILES := 
# environment
SNAP_COOKIE = Z83ymkY49pknAlPx72WF7bMnScsXYE1LrKhoebuwUssjHQ8edyeH
# environment
LC_NUMERIC = id_ID.UTF-8
# automatic
<F = $(notdir $<)
# environment
PLATFORMIO_CALLER = vscode
# environment
LC_MEASUREMENT = id_ID.UTF-8
# environment
SNAP_NAME = code
# environment
LC_ALL = C
# environment
 
make: *** No rule to make target 'all'.  Stop.

GJS_DEBUG_TOPICS = JS ERROR;JS LOG
# automatic
^F = $(notdir $^)
# environment
K3D_FIX_CGROUPV2 = true
# environment
SNAP_REEXEC = 
# environment
CHROME_DESKTOP = code-url-handler.desktop
# environment
WINDOWPATH = 2
# default
.INCLUDE_DIRS = /usr/include /usr/local/include /usr/include
# environment
GJS_DEBUG_OUTPUT = stderr
# default
.RECIPEPREFIX := 
# environment
PICO_SDK_PATH = /home/mario/pico/pico/pico-sdk
# environment
LC_ADDRESS = id_ID.UTF-8
# environment
OCTOCRAB_GITHUB_TOKEN = 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
# environment
LANG = C
# environment
VSCODE_PID = 5235
# variable set hash-table stats:
# Load=148/1024=14%, Rehash=0, Collisions=31/173=18%

# Pattern-specific Variable Values

# No pattern-specific variable values.

# Directories

# . (device 66310, inode 9568684): 10 files, no impossibilities.

# 10 files, no impossibilities in 1 directories.

# Implicit Rules

# No implicit rules.

# Files

# Not a target:
all:
#  Command line target.
#  Implicit rule search has been done.
#  File does not exist.
#  File has not been updated.

# Not a target:
Makefile:
#  Implicit rule search has been done.
#  Last modified 2022-02-27 15:54:23.928743664
#  File has been updated.
#  Successfully updated.

# Not a target:
.DEFAULT:
#  Implicit rule search has not been done.
#  Modification time never checked.
#  File has not been updated.

run:
#  Implicit rule search has not been done.
#  Modification time never checked.
#  File has not been updated.
#  recipe to execute (from 'Makefile', line 2):
	v -enable-globals run main.v

# files hash-table stats:
# Load=5/1024=0%, Rehash=0, Collisions=0/15=0%
# VPATH Search Paths

# No 'vpath' search paths.

# No general ('VPATH' variable) search path.

# strcache buffers: 1 (0) / strings = 16 / storage = 115 B / avg = 7 B
# current buf: size = 8162 B / used = 115 B / count = 16 / avg = 7 B

# strcache performance: lookups = 21 / hit rate = 23%
# hash-table stats:
# Load=16/8192=0%, Rehash=0, Collisions=1/21=5%
# Finished Make data base on Sat Jul 16 13:36:28 2022

 
